<?xml version="1.0" encoding="UTF-8"?>
<!-- Generated by org.testng.reporters.JUnitXMLReporter -->
<testsuite ignored="0" hostname="qapitol-ThinkPad-L470-W10DG" failures="0" tests="4" name="Default test" time="1.425" errors="0" timestamp="26 Jul 2019 08:32:08 GMT">
  <testcase classname="com.api.automation.CrudOperation" name="deleteCall" time="1.262"/>
  <testcase classname="com.api.automation.CrudOperation" name="getCall" time="0.025"/>
  <testcase classname="com.api.automation.CrudOperation" name="postCall" time="0.062"/>
  <testcase classname="com.api.automation.CrudOperation" name="putCall" time="0.044"/>
</testsuite> <!-- Default test -->
