<?xml version="1.0" encoding="UTF-8"?>
<testng-results ignored="0" total="4" passed="4" failed="0" skipped="0">
  <reporter-output>
  </reporter-output>
  <suite started-at="2019-07-26T08:32:06Z" name="Default suite" finished-at="2019-07-26T08:32:08Z" duration-ms="1425">
    <groups>
    </groups>
    <test started-at="2019-07-26T08:32:06Z" name="Default test" finished-at="2019-07-26T08:32:08Z" duration-ms="1425">
      <class name="com.api.automation.CrudOperation">
        <test-method signature="deleteCall()[pri:0, instance:com.api.automation.CrudOperation@61009542]" started-at="2019-07-26T08:32:06Z" name="deleteCall" finished-at="2019-07-26T08:32:07Z" duration-ms="1262" status="PASS">
          <reporter-output>
          </reporter-output>
        </test-method> <!-- deleteCall -->
        <test-method signature="getCall()[pri:0, instance:com.api.automation.CrudOperation@61009542]" started-at="2019-07-26T08:32:07Z" name="getCall" finished-at="2019-07-26T08:32:07Z" duration-ms="25" status="PASS">
          <reporter-output>
          </reporter-output>
        </test-method> <!-- getCall -->
        <test-method signature="postCall()[pri:0, instance:com.api.automation.CrudOperation@61009542]" started-at="2019-07-26T08:32:07Z" name="postCall" finished-at="2019-07-26T08:32:08Z" duration-ms="62" status="PASS">
          <reporter-output>
          </reporter-output>
        </test-method> <!-- postCall -->
        <test-method signature="putCall()[pri:0, instance:com.api.automation.CrudOperation@61009542]" started-at="2019-07-26T08:32:08Z" name="putCall" finished-at="2019-07-26T08:32:08Z" duration-ms="44" status="PASS">
          <reporter-output>
          </reporter-output>
        </test-method> <!-- putCall -->
      </class> <!-- com.api.automation.CrudOperation -->
    </test> <!-- Default test -->
  </suite> <!-- Default suite -->
</testng-results>
